<?xml version="1.0" encoding="UTF-8"?>
<!-- Generated by org.testng.reporters.JUnitReportReporter -->
<testsuite hostname="DESKTOP-A11BB6J" failures="0" tests="2" name="sele1.TestngInotations" time="0.027" errors="0" timestamp="2022-06-01T17:01:07 IST" skipped="0">
  <testcase classname="sele1.TestngInotations" name="test2" time="0.004"/>
  <system-out/>
  <testcase classname="sele1.TestngInotations" name="test1" time="0.023"/>
  <system-out/>
</testsuite> <!-- sele1.TestngInotations -->
