<?xml version="1.0" encoding="UTF-8"?>
<!-- Generated by org.testng.reporters.JUnitReportReporter -->
<testsuite hostname="DESKTOP-A11BB6J" failures="0" tests="1" name="sele1.Asserts" time="3.926" errors="0" timestamp="2022-06-14T18:45:00 IST" skipped="0">
  <testcase classname="sele1.Asserts" name="PutAsserts" time="3.926"/>
  <system-out/>
</testsuite> <!-- sele1.Asserts -->
