<?xml version="1.0" encoding="UTF-8"?>
<!-- Generated by org.testng.reporters.JUnitReportReporter -->
<testsuite hostname="DESKTOP-A11BB6J" failures="0" tests="1" name="Test.Zerodhaloginpagetest" time="0.005" errors="0" timestamp="2022-06-01T18:59:49 IST" skipped="0">
  <testcase classname="Test.Zerodhaloginpagetest" name="test1" time="0.005"/>
  <system-out/>
</testsuite> <!-- Test.Zerodhaloginpagetest -->
