<?xml version="1.0" encoding="UTF-8"?>
<!-- Generated by org.testng.reporters.JUnitReportReporter -->
<testsuite hostname="DESKTOP-A11BB6J" failures="0" tests="3" name="sele1.DataProviderss" time="0.008" errors="0" timestamp="2022-06-14T12:49:08 IST" skipped="0">
  <testcase classname="sele1.DataProviderss" name="Gototest" time="0.003"/>
  <system-out/>
  <testcase classname="sele1.DataProviderss" name="Gototest" time="0.004"/>
  <system-out/>
  <testcase classname="sele1.DataProviderss" name="Gototest" time="0.001"/>
  <system-out/>
</testsuite> <!-- sele1.DataProviderss -->
